Number of bytes: 1304
======================
Configuration for switch device id: AE00030E
Table ID: 5 #entries: 1
======= entry #0 =======
ENTRY:
	TSREG: 0, len:1, offset: 159
	MIRRVLAN: 0, len:12, offset: 147
	TAKETS: 0, len:1, offset: 146
	MIRR: 0, len:1, offset: 145
	RETAG: 0, len:1, offset: 144
	MASK_IOTAG: 1, len:1, offset: 143
	MASK_VLANID: fff, len:12, offset: 131
	MASK_MACADDR: ffffffffffff, len:48, offset: 83
	IOTAG: 0, len:1, offset: 82
	VLANID: 0, len:12, offset: 70
	MACADDR: 1094000001, len:48, offset: 22
	DESTPORTS: 1, len:5, offset: 17
	ENFPORT: 0, len:1, offset: 16
	INDEX: 0, len:10, offset: 6
Table ID: 6 #entries: 45
======= entry #0 =======
ENTRY:
	SHARINDX: 0, len:6, offset: 58
	SMAX: 3b9c, len:16, offset: 42
	RATE: fa00, len:16, offset: 26
	MAXLEN: 5f6, len:11, offset: 15
	PARTITION: 0, len:3, offset: 12
======= entry #1 =======
ENTRY:
	SHARINDX: 1, len:6, offset: 58
	SMAX: 3b9c, len:16, offset: 42
	RATE: fa00, len:16, offset: 26
	MAXLEN: 5f6, len:11, offset: 15
	PARTITION: 1, len:3, offset: 12
======= entry #2 =======
ENTRY:
	SHARINDX: 2, len:6, offset: 58
	SMAX: 3b9c, len:16, offset: 42
	RATE: fa00, len:16, offset: 26
	MAXLEN: 5f6, len:11, offset: 15
	PARTITION: 2, len:3, offset: 12
======= entry #3 =======
ENTRY:
	SHARINDX: 3, len:6, offset: 58
	SMAX: 3b9c, len:16, offset: 42
	RATE: fa00, len:16, offset: 26
	MAXLEN: 5f6, len:11, offset: 15
	PARTITION: 3, len:3, offset: 12
======= entry #4 =======
ENTRY:
	SHARINDX: 4, len:6, offset: 58
	SMAX: 3b9c, len:16, offset: 42
	RATE: fa00, len:16, offset: 26
	MAXLEN: 5f6, len:11, offset: 15
	PARTITION: 4, len:3, offset: 12
======= entry #5 =======
ENTRY:
	SHARINDX: 5, len:6, offset: 58
	SMAX: 3b9c, len:16, offset: 42
	RATE: fa00, len:16, offset: 26
	MAXLEN: 5f6, len:11, offset: 15
	PARTITION: 5, len:3, offset: 12
======= entry #6 =======
ENTRY:
	SHARINDX: 6, len:6, offset: 58
	SMAX: 3b9c, len:16, offset: 42
	RATE: fa00, len:16, offset: 26
	MAXLEN: 5f6, len:11, offset: 15
	PARTITION: 6, len:3, offset: 12
======= entry #7 =======
ENTRY:
	SHARINDX: 7, len:6, offset: 58
	SMAX: 3b9c, len:16, offset: 42
	RATE: fa00, len:16, offset: 26
	MAXLEN: 5f6, len:11, offset: 15
	PARTITION: 7, len:3, offset: 12
======= entry #8 =======
ENTRY:
	SHARINDX: 8, len:6, offset: 58
	SMAX: 3b9c, len:16, offset: 42
	RATE: 1900, len:16, offset: 26
	MAXLEN: 5f6, len:11, offset: 15
	PARTITION: 0, len:3, offset: 12
======= entry #9 =======
ENTRY:
	SHARINDX: 9, len:6, offset: 58
	SMAX: 3b9c, len:16, offset: 42
	RATE: 280, len:16, offset: 26
	MAXLEN: 5f6, len:11, offset: 15
	PARTITION: 1, len:3, offset: 12
======= entry #10 =======
ENTRY:
	SHARINDX: a, len:6, offset: 58
	SMAX: 3b9c, len:16, offset: 42
	RATE: 280, len:16, offset: 26
	MAXLEN: 5f6, len:11, offset: 15
	PARTITION: 2, len:3, offset: 12
======= entry #11 =======
ENTRY:
	SHARINDX: b, len:6, offset: 58
	SMAX: 3b9c, len:16, offset: 42
	RATE: 280, len:16, offset: 26
	MAXLEN: 5f6, len:11, offset: 15
	PARTITION: 3, len:3, offset: 12
======= entry #12 =======
ENTRY:
	SHARINDX: c, len:6, offset: 58
	SMAX: 3b9c, len:16, offset: 42
	RATE: 280, len:16, offset: 26
	MAXLEN: 5f6, len:11, offset: 15
	PARTITION: 4, len:3, offset: 12
======= entry #13 =======
ENTRY:
	SHARINDX: d, len:6, offset: 58
	SMAX: 3b9c, len:16, offset: 42
	RATE: 280, len:16, offset: 26
	MAXLEN: 5f6, len:11, offset: 15
	PARTITION: 5, len:3, offset: 12
======= entry #14 =======
ENTRY:
	SHARINDX: e, len:6, offset: 58
	SMAX: 3b9c, len:16, offset: 42
	RATE: 280, len:16, offset: 26
	MAXLEN: 5f6, len:11, offset: 15
	PARTITION: 6, len:3, offset: 12
======= entry #15 =======
ENTRY:
	SHARINDX: f, len:6, offset: 58
	SMAX: 3b9c, len:16, offset: 42
	RATE: 280, len:16, offset: 26
	MAXLEN: 5f6, len:11, offset: 15
	PARTITION: 7, len:3, offset: 12
======= entry #16 =======
ENTRY:
	SHARINDX: 10, len:6, offset: 58
	SMAX: 3b9c, len:16, offset: 42
	RATE: fa00, len:16, offset: 26
	MAXLEN: 5f6, len:11, offset: 15
	PARTITION: 0, len:3, offset: 12
======= entry #17 =======
ENTRY:
	SHARINDX: 11, len:6, offset: 58
	SMAX: 3b9c, len:16, offset: 42
	RATE: 0, len:16, offset: 26
	MAXLEN: 5f6, len:11, offset: 15
	PARTITION: 1, len:3, offset: 12
======= entry #18 =======
ENTRY:
	SHARINDX: 12, len:6, offset: 58
	SMAX: 3b9c, len:16, offset: 42
	RATE: 0, len:16, offset: 26
	MAXLEN: 5f6, len:11, offset: 15
	PARTITION: 2, len:3, offset: 12
======= entry #19 =======
ENTRY:
	SHARINDX: 13, len:6, offset: 58
	SMAX: 3b9c, len:16, offset: 42
	RATE: 0, len:16, offset: 26
	MAXLEN: 5f6, len:11, offset: 15
	PARTITION: 3, len:3, offset: 12
======= entry #20 =======
ENTRY:
	SHARINDX: 14, len:6, offset: 58
	SMAX: 3b9c, len:16, offset: 42
	RATE: 0, len:16, offset: 26
	MAXLEN: 5f6, len:11, offset: 15
	PARTITION: 4, len:3, offset: 12
======= entry #21 =======
ENTRY:
	SHARINDX: 15, len:6, offset: 58
	SMAX: 3b9c, len:16, offset: 42
	RATE: 0, len:16, offset: 26
	MAXLEN: 5f6, len:11, offset: 15
	PARTITION: 5, len:3, offset: 12
======= entry #22 =======
ENTRY:
	SHARINDX: 16, len:6, offset: 58
	SMAX: 3b9c, len:16, offset: 42
	RATE: 0, len:16, offset: 26
	MAXLEN: 5f6, len:11, offset: 15
	PARTITION: 6, len:3, offset: 12
======= entry #23 =======
ENTRY:
	SHARINDX: 17, len:6, offset: 58
	SMAX: 3b9c, len:16, offset: 42
	RATE: 0, len:16, offset: 26
	MAXLEN: 5f6, len:11, offset: 15
	PARTITION: 7, len:3, offset: 12
======= entry #24 =======
ENTRY:
	SHARINDX: 18, len:6, offset: 58
	SMAX: 3b9c, len:16, offset: 42
	RATE: fa00, len:16, offset: 26
	MAXLEN: 5f6, len:11, offset: 15
	PARTITION: 0, len:3, offset: 12
======= entry #25 =======
ENTRY:
	SHARINDX: 19, len:6, offset: 58
	SMAX: 3b9c, len:16, offset: 42
	RATE: fa00, len:16, offset: 26
	MAXLEN: 5f6, len:11, offset: 15
	PARTITION: 1, len:3, offset: 12
======= entry #26 =======
ENTRY:
	SHARINDX: 1a, len:6, offset: 58
	SMAX: 3b9c, len:16, offset: 42
	RATE: fa00, len:16, offset: 26
	MAXLEN: 5f6, len:11, offset: 15
	PARTITION: 2, len:3, offset: 12
======= entry #27 =======
ENTRY:
	SHARINDX: 1b, len:6, offset: 58
	SMAX: 3b9c, len:16, offset: 42
	RATE: fa00, len:16, offset: 26
	MAXLEN: 5f6, len:11, offset: 15
	PARTITION: 3, len:3, offset: 12
======= entry #28 =======
ENTRY:
	SHARINDX: 1c, len:6, offset: 58
	SMAX: 3b9c, len:16, offset: 42
	RATE: fa00, len:16, offset: 26
	MAXLEN: 5f6, len:11, offset: 15
	PARTITION: 4, len:3, offset: 12
======= entry #29 =======
ENTRY:
	SHARINDX: 1d, len:6, offset: 58
	SMAX: 3b9c, len:16, offset: 42
	RATE: fa00, len:16, offset: 26
	MAXLEN: 5f6, len:11, offset: 15
	PARTITION: 5, len:3, offset: 12
======= entry #30 =======
ENTRY:
	SHARINDX: 1e, len:6, offset: 58
	SMAX: 3b9c, len:16, offset: 42
	RATE: fa00, len:16, offset: 26
	MAXLEN: 5f6, len:11, offset: 15
	PARTITION: 6, len:3, offset: 12
======= entry #31 =======
ENTRY:
	SHARINDX: 1f, len:6, offset: 58
	SMAX: 3b9c, len:16, offset: 42
	RATE: fa00, len:16, offset: 26
	MAXLEN: 5f6, len:11, offset: 15
	PARTITION: 7, len:3, offset: 12
======= entry #32 =======
ENTRY:
	SHARINDX: 20, len:6, offset: 58
	SMAX: 3b9c, len:16, offset: 42
	RATE: fa00, len:16, offset: 26
	MAXLEN: 5f6, len:11, offset: 15
	PARTITION: 0, len:3, offset: 12
======= entry #33 =======
ENTRY:
	SHARINDX: 21, len:6, offset: 58
	SMAX: 3b9c, len:16, offset: 42
	RATE: fa00, len:16, offset: 26
	MAXLEN: 5f6, len:11, offset: 15
	PARTITION: 1, len:3, offset: 12
======= entry #34 =======
ENTRY:
	SHARINDX: 22, len:6, offset: 58
	SMAX: 3b9c, len:16, offset: 42
	RATE: fa00, len:16, offset: 26
	MAXLEN: 5f6, len:11, offset: 15
	PARTITION: 2, len:3, offset: 12
======= entry #35 =======
ENTRY:
	SHARINDX: 23, len:6, offset: 58
	SMAX: 3b9c, len:16, offset: 42
	RATE: fa00, len:16, offset: 26
	MAXLEN: 5f6, len:11, offset: 15
	PARTITION: 3, len:3, offset: 12
======= entry #36 =======
ENTRY:
	SHARINDX: 24, len:6, offset: 58
	SMAX: 3b9c, len:16, offset: 42
	RATE: fa00, len:16, offset: 26
	MAXLEN: 5f6, len:11, offset: 15
	PARTITION: 4, len:3, offset: 12
======= entry #37 =======
ENTRY:
	SHARINDX: 25, len:6, offset: 58
	SMAX: 3b9c, len:16, offset: 42
	RATE: fa00, len:16, offset: 26
	MAXLEN: 5f6, len:11, offset: 15
	PARTITION: 5, len:3, offset: 12
======= entry #38 =======
ENTRY:
	SHARINDX: 26, len:6, offset: 58
	SMAX: 3b9c, len:16, offset: 42
	RATE: fa00, len:16, offset: 26
	MAXLEN: 5f6, len:11, offset: 15
	PARTITION: 6, len:3, offset: 12
======= entry #39 =======
ENTRY:
	SHARINDX: 27, len:6, offset: 58
	SMAX: 3b9c, len:16, offset: 42
	RATE: fa00, len:16, offset: 26
	MAXLEN: 5f6, len:11, offset: 15
	PARTITION: 7, len:3, offset: 12
======= entry #40 =======
ENTRY:
	SHARINDX: 28, len:6, offset: 58
	SMAX: 3b9c, len:16, offset: 42
	RATE: fa00, len:16, offset: 26
	MAXLEN: 5f6, len:11, offset: 15
	PARTITION: 0, len:3, offset: 12
======= entry #41 =======
ENTRY:
	SHARINDX: 29, len:6, offset: 58
	SMAX: 3b9c, len:16, offset: 42
	RATE: 1900, len:16, offset: 26
	MAXLEN: 5f6, len:11, offset: 15
	PARTITION: 0, len:3, offset: 12
======= entry #42 =======
ENTRY:
	SHARINDX: 2a, len:6, offset: 58
	SMAX: 3b9c, len:16, offset: 42
	RATE: fa00, len:16, offset: 26
	MAXLEN: 5f6, len:11, offset: 15
	PARTITION: 0, len:3, offset: 12
======= entry #43 =======
ENTRY:
	SHARINDX: 2b, len:6, offset: 58
	SMAX: 3b9c, len:16, offset: 42
	RATE: fa00, len:16, offset: 26
	MAXLEN: 5f6, len:11, offset: 15
	PARTITION: 0, len:3, offset: 12
======= entry #44 =======
ENTRY:
	SHARINDX: 2c, len:6, offset: 58
	SMAX: 3b9c, len:16, offset: 42
	RATE: fa00, len:16, offset: 26
	MAXLEN: 5f6, len:11, offset: 15
	PARTITION: 0, len:3, offset: 12
Table ID: 7 #entries: 17
======= entry #0 =======
ENTRY:
	VING_MIRR: 0, len:5, offset: 59
	VEGR_MIRR: 0, len:5, offset: 54
	VMEMB_PORT: 0, len:5, offset: 49
	VLAN_BC: 1f, len:5, offset: 44
	TAG_PORT: 0, len:5, offset: 39
	VLANID: 0, len:12, offset: 27
======= entry #1 =======
ENTRY:
	VING_MIRR: 0, len:5, offset: 59
	VEGR_MIRR: 0, len:5, offset: 54
	VMEMB_PORT: 0, len:5, offset: 49
	VLAN_BC: 1f, len:5, offset: 44
	TAG_PORT: 0, len:5, offset: 39
	VLANID: 0, len:12, offset: 27
======= entry #2 =======
ENTRY:
	VING_MIRR: 0, len:5, offset: 59
	VEGR_MIRR: 0, len:5, offset: 54
	VMEMB_PORT: 0, len:5, offset: 49
	VLAN_BC: 1f, len:5, offset: 44
	TAG_PORT: 0, len:5, offset: 39
	VLANID: 1, len:12, offset: 27
======= entry #3 =======
ENTRY:
	VING_MIRR: 0, len:5, offset: 59
	VEGR_MIRR: 0, len:5, offset: 54
	VMEMB_PORT: 0, len:5, offset: 49
	VLAN_BC: 1f, len:5, offset: 44
	TAG_PORT: 0, len:5, offset: 39
	VLANID: 2, len:12, offset: 27
======= entry #4 =======
ENTRY:
	VING_MIRR: 0, len:5, offset: 59
	VEGR_MIRR: 0, len:5, offset: 54
	VMEMB_PORT: 0, len:5, offset: 49
	VLAN_BC: 1f, len:5, offset: 44
	TAG_PORT: 0, len:5, offset: 39
	VLANID: 3, len:12, offset: 27
======= entry #5 =======
ENTRY:
	VING_MIRR: 0, len:5, offset: 59
	VEGR_MIRR: 0, len:5, offset: 54
	VMEMB_PORT: 0, len:5, offset: 49
	VLAN_BC: 1f, len:5, offset: 44
	TAG_PORT: 0, len:5, offset: 39
	VLANID: 4, len:12, offset: 27
======= entry #6 =======
ENTRY:
	VING_MIRR: 0, len:5, offset: 59
	VEGR_MIRR: 0, len:5, offset: 54
	VMEMB_PORT: 0, len:5, offset: 49
	VLAN_BC: 1f, len:5, offset: 44
	TAG_PORT: 0, len:5, offset: 39
	VLANID: 5, len:12, offset: 27
======= entry #7 =======
ENTRY:
	VING_MIRR: 0, len:5, offset: 59
	VEGR_MIRR: 0, len:5, offset: 54
	VMEMB_PORT: 0, len:5, offset: 49
	VLAN_BC: 1f, len:5, offset: 44
	TAG_PORT: 0, len:5, offset: 39
	VLANID: 6, len:12, offset: 27
======= entry #8 =======
ENTRY:
	VING_MIRR: 0, len:5, offset: 59
	VEGR_MIRR: 0, len:5, offset: 54
	VMEMB_PORT: 0, len:5, offset: 49
	VLAN_BC: 1f, len:5, offset: 44
	TAG_PORT: 0, len:5, offset: 39
	VLANID: 7, len:12, offset: 27
======= entry #9 =======
ENTRY:
	VING_MIRR: 0, len:5, offset: 59
	VEGR_MIRR: 0, len:5, offset: 54
	VMEMB_PORT: 0, len:5, offset: 49
	VLAN_BC: 1f, len:5, offset: 44
	TAG_PORT: 0, len:5, offset: 39
	VLANID: 8, len:12, offset: 27
======= entry #10 =======
ENTRY:
	VING_MIRR: 0, len:5, offset: 59
	VEGR_MIRR: 0, len:5, offset: 54
	VMEMB_PORT: 0, len:5, offset: 49
	VLAN_BC: 1f, len:5, offset: 44
	TAG_PORT: 0, len:5, offset: 39
	VLANID: 9, len:12, offset: 27
======= entry #11 =======
ENTRY:
	VING_MIRR: 0, len:5, offset: 59
	VEGR_MIRR: 0, len:5, offset: 54
	VMEMB_PORT: 0, len:5, offset: 49
	VLAN_BC: 1f, len:5, offset: 44
	TAG_PORT: 0, len:5, offset: 39
	VLANID: a, len:12, offset: 27
======= entry #12 =======
ENTRY:
	VING_MIRR: 0, len:5, offset: 59
	VEGR_MIRR: 0, len:5, offset: 54
	VMEMB_PORT: 0, len:5, offset: 49
	VLAN_BC: 1f, len:5, offset: 44
	TAG_PORT: 0, len:5, offset: 39
	VLANID: b, len:12, offset: 27
======= entry #13 =======
ENTRY:
	VING_MIRR: 0, len:5, offset: 59
	VEGR_MIRR: 0, len:5, offset: 54
	VMEMB_PORT: 0, len:5, offset: 49
	VLAN_BC: 1f, len:5, offset: 44
	TAG_PORT: 0, len:5, offset: 39
	VLANID: c, len:12, offset: 27
======= entry #14 =======
ENTRY:
	VING_MIRR: 0, len:5, offset: 59
	VEGR_MIRR: 0, len:5, offset: 54
	VMEMB_PORT: 0, len:5, offset: 49
	VLAN_BC: 1f, len:5, offset: 44
	TAG_PORT: 0, len:5, offset: 39
	VLANID: d, len:12, offset: 27
======= entry #15 =======
ENTRY:
	VING_MIRR: 0, len:5, offset: 59
	VEGR_MIRR: 0, len:5, offset: 54
	VMEMB_PORT: 0, len:5, offset: 49
	VLAN_BC: 1f, len:5, offset: 44
	TAG_PORT: 0, len:5, offset: 39
	VLANID: e, len:12, offset: 27
======= entry #16 =======
ENTRY:
	VING_MIRR: 0, len:5, offset: 59
	VEGR_MIRR: 0, len:5, offset: 54
	VMEMB_PORT: 0, len:5, offset: 49
	VLAN_BC: 1f, len:5, offset: 44
	TAG_PORT: 0, len:5, offset: 39
	VLANID: f, len:12, offset: 27
Table ID: 8 #entries: 13
======= entry #0 =======
ENTRY:
	BC_DOMAIN: 1e, len:5, offset: 59
	REACH_PORT: 1e, len:5, offset: 54
	FL_DOMAIN: 1e, len:5, offset: 49
	VLAN_PMAP[7]: 7, len:3, offset: 46
	VLAN_PMAP[6]: 6, len:3, offset: 43
	VLAN_PMAP[5]: 5, len:3, offset: 40
	VLAN_PMAP[4]: 4, len:3, offset: 37
	VLAN_PMAP[3]: 3, len:3, offset: 34
	VLAN_PMAP[2]: 2, len:3, offset: 31
	VLAN_PMAP[1]: 1, len:3, offset: 28
	VLAN_PMAP[0]: 0, len:3, offset: 25
======= entry #1 =======
ENTRY:
	BC_DOMAIN: 1d, len:5, offset: 59
	REACH_PORT: 1d, len:5, offset: 54
	FL_DOMAIN: 1d, len:5, offset: 49
	VLAN_PMAP[7]: 7, len:3, offset: 46
	VLAN_PMAP[6]: 6, len:3, offset: 43
	VLAN_PMAP[5]: 5, len:3, offset: 40
	VLAN_PMAP[4]: 4, len:3, offset: 37
	VLAN_PMAP[3]: 3, len:3, offset: 34
	VLAN_PMAP[2]: 2, len:3, offset: 31
	VLAN_PMAP[1]: 1, len:3, offset: 28
	VLAN_PMAP[0]: 0, len:3, offset: 25
======= entry #2 =======
ENTRY:
	BC_DOMAIN: 1b, len:5, offset: 59
	REACH_PORT: 1b, len:5, offset: 54
	FL_DOMAIN: 1b, len:5, offset: 49
	VLAN_PMAP[7]: 7, len:3, offset: 46
	VLAN_PMAP[6]: 6, len:3, offset: 43
	VLAN_PMAP[5]: 5, len:3, offset: 40
	VLAN_PMAP[4]: 4, len:3, offset: 37
	VLAN_PMAP[3]: 3, len:3, offset: 34
	VLAN_PMAP[2]: 2, len:3, offset: 31
	VLAN_PMAP[1]: 1, len:3, offset: 28
	VLAN_PMAP[0]: 0, len:3, offset: 25
======= entry #3 =======
ENTRY:
	BC_DOMAIN: 17, len:5, offset: 59
	REACH_PORT: 17, len:5, offset: 54
	FL_DOMAIN: 17, len:5, offset: 49
	VLAN_PMAP[7]: 7, len:3, offset: 46
	VLAN_PMAP[6]: 6, len:3, offset: 43
	VLAN_PMAP[5]: 5, len:3, offset: 40
	VLAN_PMAP[4]: 4, len:3, offset: 37
	VLAN_PMAP[3]: 3, len:3, offset: 34
	VLAN_PMAP[2]: 2, len:3, offset: 31
	VLAN_PMAP[1]: 1, len:3, offset: 28
	VLAN_PMAP[0]: 0, len:3, offset: 25
======= entry #4 =======
ENTRY:
	BC_DOMAIN: f, len:5, offset: 59
	REACH_PORT: 1f, len:5, offset: 54
	FL_DOMAIN: f, len:5, offset: 49
	VLAN_PMAP[7]: 7, len:3, offset: 46
	VLAN_PMAP[6]: 6, len:3, offset: 43
	VLAN_PMAP[5]: 5, len:3, offset: 40
	VLAN_PMAP[4]: 4, len:3, offset: 37
	VLAN_PMAP[3]: 3, len:3, offset: 34
	VLAN_PMAP[2]: 2, len:3, offset: 31
	VLAN_PMAP[1]: 1, len:3, offset: 28
	VLAN_PMAP[0]: 0, len:3, offset: 25
======= entry #5 =======
ENTRY:
	BC_DOMAIN: 0, len:5, offset: 59
	REACH_PORT: 0, len:5, offset: 54
	FL_DOMAIN: 0, len:5, offset: 49
	VLAN_PMAP[7]: 0, len:3, offset: 46
	VLAN_PMAP[6]: 0, len:3, offset: 43
	VLAN_PMAP[5]: 0, len:3, offset: 40
	VLAN_PMAP[4]: 0, len:3, offset: 37
	VLAN_PMAP[3]: 0, len:3, offset: 34
	VLAN_PMAP[2]: 0, len:3, offset: 31
	VLAN_PMAP[1]: 0, len:3, offset: 28
	VLAN_PMAP[0]: 0, len:3, offset: 25
======= entry #6 =======
ENTRY:
	BC_DOMAIN: 0, len:5, offset: 59
	REACH_PORT: 0, len:5, offset: 54
	FL_DOMAIN: 0, len:5, offset: 49
	VLAN_PMAP[7]: 0, len:3, offset: 46
	VLAN_PMAP[6]: 0, len:3, offset: 43
	VLAN_PMAP[5]: 0, len:3, offset: 40
	VLAN_PMAP[4]: 1, len:3, offset: 37
	VLAN_PMAP[3]: 1, len:3, offset: 34
	VLAN_PMAP[2]: 1, len:3, offset: 31
	VLAN_PMAP[1]: 1, len:3, offset: 28
	VLAN_PMAP[0]: 1, len:3, offset: 25
======= entry #7 =======
ENTRY:
	BC_DOMAIN: 0, len:5, offset: 59
	REACH_PORT: 0, len:5, offset: 54
	FL_DOMAIN: 0, len:5, offset: 49
	VLAN_PMAP[7]: 0, len:3, offset: 46
	VLAN_PMAP[6]: 0, len:3, offset: 43
	VLAN_PMAP[5]: 0, len:3, offset: 40
	VLAN_PMAP[4]: 2, len:3, offset: 37
	VLAN_PMAP[3]: 2, len:3, offset: 34
	VLAN_PMAP[2]: 2, len:3, offset: 31
	VLAN_PMAP[1]: 2, len:3, offset: 28
	VLAN_PMAP[0]: 2, len:3, offset: 25
======= entry #8 =======
ENTRY:
	BC_DOMAIN: 0, len:5, offset: 59
	REACH_PORT: 0, len:5, offset: 54
	FL_DOMAIN: 0, len:5, offset: 49
	VLAN_PMAP[7]: 0, len:3, offset: 46
	VLAN_PMAP[6]: 0, len:3, offset: 43
	VLAN_PMAP[5]: 0, len:3, offset: 40
	VLAN_PMAP[4]: 3, len:3, offset: 37
	VLAN_PMAP[3]: 3, len:3, offset: 34
	VLAN_PMAP[2]: 3, len:3, offset: 31
	VLAN_PMAP[1]: 3, len:3, offset: 28
	VLAN_PMAP[0]: 3, len:3, offset: 25
======= entry #9 =======
ENTRY:
	BC_DOMAIN: 0, len:5, offset: 59
	REACH_PORT: 0, len:5, offset: 54
	FL_DOMAIN: 0, len:5, offset: 49
	VLAN_PMAP[7]: 0, len:3, offset: 46
	VLAN_PMAP[6]: 0, len:3, offset: 43
	VLAN_PMAP[5]: 0, len:3, offset: 40
	VLAN_PMAP[4]: 4, len:3, offset: 37
	VLAN_PMAP[3]: 4, len:3, offset: 34
	VLAN_PMAP[2]: 4, len:3, offset: 31
	VLAN_PMAP[1]: 4, len:3, offset: 28
	VLAN_PMAP[0]: 4, len:3, offset: 25
======= entry #10 =======
ENTRY:
	BC_DOMAIN: 0, len:5, offset: 59
	REACH_PORT: 0, len:5, offset: 54
	FL_DOMAIN: 0, len:5, offset: 49
	VLAN_PMAP[7]: 0, len:3, offset: 46
	VLAN_PMAP[6]: 0, len:3, offset: 43
	VLAN_PMAP[5]: 0, len:3, offset: 40
	VLAN_PMAP[4]: 5, len:3, offset: 37
	VLAN_PMAP[3]: 5, len:3, offset: 34
	VLAN_PMAP[2]: 5, len:3, offset: 31
	VLAN_PMAP[1]: 5, len:3, offset: 28
	VLAN_PMAP[0]: 5, len:3, offset: 25
======= entry #11 =======
ENTRY:
	BC_DOMAIN: 0, len:5, offset: 59
	REACH_PORT: 0, len:5, offset: 54
	FL_DOMAIN: 0, len:5, offset: 49
	VLAN_PMAP[7]: 0, len:3, offset: 46
	VLAN_PMAP[6]: 0, len:3, offset: 43
	VLAN_PMAP[5]: 0, len:3, offset: 40
	VLAN_PMAP[4]: 6, len:3, offset: 37
	VLAN_PMAP[3]: 6, len:3, offset: 34
	VLAN_PMAP[2]: 6, len:3, offset: 31
	VLAN_PMAP[1]: 6, len:3, offset: 28
	VLAN_PMAP[0]: 6, len:3, offset: 25
======= entry #12 =======
ENTRY:
	BC_DOMAIN: 0, len:5, offset: 59
	REACH_PORT: 0, len:5, offset: 54
	FL_DOMAIN: 0, len:5, offset: 49
	VLAN_PMAP[7]: 0, len:3, offset: 46
	VLAN_PMAP[6]: 0, len:3, offset: 43
	VLAN_PMAP[5]: 0, len:3, offset: 40
	VLAN_PMAP[4]: 7, len:3, offset: 37
	VLAN_PMAP[3]: 7, len:3, offset: 34
	VLAN_PMAP[2]: 7, len:3, offset: 31
	VLAN_PMAP[1]: 7, len:3, offset: 28
	VLAN_PMAP[0]: 7, len:3, offset: 25
Table ID: 9 #entries: 5
======= entry #0 =======
ENTRY:
	TOP[7]: 1ff, len:9, offset: 247
	BASE[7]: 1c0, len:9, offset: 238
	ENABLED[7]: 1, len:1, offset: 237
	TOP[6]: 1bf, len:9, offset: 228
	BASE[6]: 180, len:9, offset: 219
	ENABLED[6]: 1, len:1, offset: 218
	TOP[5]: 17f, len:9, offset: 209
	BASE[5]: 140, len:9, offset: 200
	ENABLED[5]: 1, len:1, offset: 199
	TOP[4]: 13f, len:9, offset: 190
	BASE[4]: 100, len:9, offset: 181
	ENABLED[4]: 1, len:1, offset: 180
	TOP[3]: ff, len:9, offset: 171
	BASE[3]: c0, len:9, offset: 162
	ENABLED[3]: 1, len:1, offset: 161
	TOP[2]: bf, len:9, offset: 152
	BASE[2]: 80, len:9, offset: 143
	ENABLED[2]: 1, len:1, offset: 142
	TOP[1]: 7f, len:9, offset: 133
	BASE[1]: 40, len:9, offset: 124
	ENABLED[1]: 1, len:1, offset: 123
	TOP[0]: 3f, len:9, offset: 114
	BASE[0]: 0, len:9, offset: 105
	ENABLED[0]: 1, len:1, offset: 104
	IFG: 0, len:5, offset: 99
	SPEED: 1, len:2, offset: 97
	TP_DELIN: 0, len:16, offset: 81
	TP_DELOUT: 0, len:16, offset: 65
	MAXAGE: ff, len:8, offset: 57
	VLANPRIO: 0, len:3, offset: 54
	VLANID: 0, len:12, offset: 42
	ING_MIRR: 0, len:1, offset: 41
	EGR_MIRR: 0, len:1, offset: 40
	DRPNONA664: 0, len:1, offset: 39
	DRPDTAG: 0, len:1, offset: 38
	DRPSOTAG: 0, len:1, offset: 37
	DRPSITAG: 0, len:1, offset: 36
	DRPUNTAG: 0, len:1, offset: 35
	RETAG: 0, len:1, offset: 34
	DYN_LEARN: 1, len:1, offset: 33
	EGRESS: 1, len:1, offset: 32
	INGRESS: 1, len:1, offset: 31
	MIRRCIE: 0, len:1, offset: 30
	MIRRCETAG: 0, len:1, offset: 29
	INGMIRRVID: 0, len:12, offset: 17
	INGMIRRPCP: 0, len:3, offset: 14
	INGMIRRDEI: 0, len:1, offset: 13
======= entry #1 =======
ENTRY:
	TOP[7]: 1ff, len:9, offset: 247
	BASE[7]: 1c0, len:9, offset: 238
	ENABLED[7]: 1, len:1, offset: 237
	TOP[6]: 1bf, len:9, offset: 228
	BASE[6]: 180, len:9, offset: 219
	ENABLED[6]: 1, len:1, offset: 218
	TOP[5]: 17f, len:9, offset: 209
	BASE[5]: 140, len:9, offset: 200
	ENABLED[5]: 1, len:1, offset: 199
	TOP[4]: 13f, len:9, offset: 190
	BASE[4]: 100, len:9, offset: 181
	ENABLED[4]: 1, len:1, offset: 180
	TOP[3]: ff, len:9, offset: 171
	BASE[3]: c0, len:9, offset: 162
	ENABLED[3]: 1, len:1, offset: 161
	TOP[2]: bf, len:9, offset: 152
	BASE[2]: 80, len:9, offset: 143
	ENABLED[2]: 1, len:1, offset: 142
	TOP[1]: 7f, len:9, offset: 133
	BASE[1]: 40, len:9, offset: 124
	ENABLED[1]: 1, len:1, offset: 123
	TOP[0]: 3f, len:9, offset: 114
	BASE[0]: 0, len:9, offset: 105
	ENABLED[0]: 1, len:1, offset: 104
	IFG: 0, len:5, offset: 99
	SPEED: 2, len:2, offset: 97
	TP_DELIN: 0, len:16, offset: 81
	TP_DELOUT: 0, len:16, offset: 65
	MAXAGE: ff, len:8, offset: 57
	VLANPRIO: 0, len:3, offset: 54
	VLANID: 0, len:12, offset: 42
	ING_MIRR: 0, len:1, offset: 41
	EGR_MIRR: 0, len:1, offset: 40
	DRPNONA664: 0, len:1, offset: 39
	DRPDTAG: 0, len:1, offset: 38
	DRPSOTAG: 0, len:1, offset: 37
	DRPSITAG: 0, len:1, offset: 36
	DRPUNTAG: 0, len:1, offset: 35
	RETAG: 0, len:1, offset: 34
	DYN_LEARN: 1, len:1, offset: 33
	EGRESS: 1, len:1, offset: 32
	INGRESS: 1, len:1, offset: 31
	MIRRCIE: 0, len:1, offset: 30
	MIRRCETAG: 0, len:1, offset: 29
	INGMIRRVID: 0, len:12, offset: 17
	INGMIRRPCP: 0, len:3, offset: 14
	INGMIRRDEI: 0, len:1, offset: 13
======= entry #2 =======
ENTRY:
	TOP[7]: 1ff, len:9, offset: 247
	BASE[7]: 1c0, len:9, offset: 238
	ENABLED[7]: 1, len:1, offset: 237
	TOP[6]: 1bf, len:9, offset: 228
	BASE[6]: 180, len:9, offset: 219
	ENABLED[6]: 1, len:1, offset: 218
	TOP[5]: 17f, len:9, offset: 209
	BASE[5]: 140, len:9, offset: 200
	ENABLED[5]: 1, len:1, offset: 199
	TOP[4]: 13f, len:9, offset: 190
	BASE[4]: 100, len:9, offset: 181
	ENABLED[4]: 1, len:1, offset: 180
	TOP[3]: ff, len:9, offset: 171
	BASE[3]: c0, len:9, offset: 162
	ENABLED[3]: 1, len:1, offset: 161
	TOP[2]: bf, len:9, offset: 152
	BASE[2]: 80, len:9, offset: 143
	ENABLED[2]: 1, len:1, offset: 142
	TOP[1]: 7f, len:9, offset: 133
	BASE[1]: 40, len:9, offset: 124
	ENABLED[1]: 1, len:1, offset: 123
	TOP[0]: 3f, len:9, offset: 114
	BASE[0]: 0, len:9, offset: 105
	ENABLED[0]: 1, len:1, offset: 104
	IFG: 0, len:5, offset: 99
	SPEED: 1, len:2, offset: 97
	TP_DELIN: 0, len:16, offset: 81
	TP_DELOUT: 0, len:16, offset: 65
	MAXAGE: ff, len:8, offset: 57
	VLANPRIO: 0, len:3, offset: 54
	VLANID: 0, len:12, offset: 42
	ING_MIRR: 0, len:1, offset: 41
	EGR_MIRR: 0, len:1, offset: 40
	DRPNONA664: 0, len:1, offset: 39
	DRPDTAG: 0, len:1, offset: 38
	DRPSOTAG: 0, len:1, offset: 37
	DRPSITAG: 0, len:1, offset: 36
	DRPUNTAG: 0, len:1, offset: 35
	RETAG: 0, len:1, offset: 34
	DYN_LEARN: 1, len:1, offset: 33
	EGRESS: 1, len:1, offset: 32
	INGRESS: 1, len:1, offset: 31
	MIRRCIE: 0, len:1, offset: 30
	MIRRCETAG: 0, len:1, offset: 29
	INGMIRRVID: 0, len:12, offset: 17
	INGMIRRPCP: 0, len:3, offset: 14
	INGMIRRDEI: 0, len:1, offset: 13
======= entry #3 =======
ENTRY:
	TOP[7]: 1ff, len:9, offset: 247
	BASE[7]: 1c0, len:9, offset: 238
	ENABLED[7]: 1, len:1, offset: 237
	TOP[6]: 1bf, len:9, offset: 228
	BASE[6]: 180, len:9, offset: 219
	ENABLED[6]: 1, len:1, offset: 218
	TOP[5]: 17f, len:9, offset: 209
	BASE[5]: 140, len:9, offset: 200
	ENABLED[5]: 1, len:1, offset: 199
	TOP[4]: 13f, len:9, offset: 190
	BASE[4]: 100, len:9, offset: 181
	ENABLED[4]: 1, len:1, offset: 180
	TOP[3]: ff, len:9, offset: 171
	BASE[3]: c0, len:9, offset: 162
	ENABLED[3]: 1, len:1, offset: 161
	TOP[2]: bf, len:9, offset: 152
	BASE[2]: 80, len:9, offset: 143
	ENABLED[2]: 1, len:1, offset: 142
	TOP[1]: 7f, len:9, offset: 133
	BASE[1]: 40, len:9, offset: 124
	ENABLED[1]: 1, len:1, offset: 123
	TOP[0]: 3f, len:9, offset: 114
	BASE[0]: 0, len:9, offset: 105
	ENABLED[0]: 1, len:1, offset: 104
	IFG: 0, len:5, offset: 99
	SPEED: 1, len:2, offset: 97
	TP_DELIN: 0, len:16, offset: 81
	TP_DELOUT: 0, len:16, offset: 65
	MAXAGE: ff, len:8, offset: 57
	VLANPRIO: 0, len:3, offset: 54
	VLANID: 0, len:12, offset: 42
	ING_MIRR: 0, len:1, offset: 41
	EGR_MIRR: 0, len:1, offset: 40
	DRPNONA664: 0, len:1, offset: 39
	DRPDTAG: 0, len:1, offset: 38
	DRPSOTAG: 0, len:1, offset: 37
	DRPSITAG: 0, len:1, offset: 36
	DRPUNTAG: 0, len:1, offset: 35
	RETAG: 0, len:1, offset: 34
	DYN_LEARN: 1, len:1, offset: 33
	EGRESS: 1, len:1, offset: 32
	INGRESS: 1, len:1, offset: 31
	MIRRCIE: 0, len:1, offset: 30
	MIRRCETAG: 0, len:1, offset: 29
	INGMIRRVID: 0, len:12, offset: 17
	INGMIRRPCP: 0, len:3, offset: 14
	INGMIRRDEI: 0, len:1, offset: 13
======= entry #4 =======
ENTRY:
	TOP[7]: 1ff, len:9, offset: 247
	BASE[7]: 1c0, len:9, offset: 238
	ENABLED[7]: 1, len:1, offset: 237
	TOP[6]: 1bf, len:9, offset: 228
	BASE[6]: 180, len:9, offset: 219
	ENABLED[6]: 1, len:1, offset: 218
	TOP[5]: 17f, len:9, offset: 209
	BASE[5]: 140, len:9, offset: 200
	ENABLED[5]: 1, len:1, offset: 199
	TOP[4]: 13f, len:9, offset: 190
	BASE[4]: 100, len:9, offset: 181
	ENABLED[4]: 1, len:1, offset: 180
	TOP[3]: ff, len:9, offset: 171
	BASE[3]: c0, len:9, offset: 162
	ENABLED[3]: 1, len:1, offset: 161
	TOP[2]: bf, len:9, offset: 152
	BASE[2]: 80, len:9, offset: 143
	ENABLED[2]: 1, len:1, offset: 142
	TOP[1]: 7f, len:9, offset: 133
	BASE[1]: 40, len:9, offset: 124
	ENABLED[1]: 1, len:1, offset: 123
	TOP[0]: 3f, len:9, offset: 114
	BASE[0]: 0, len:9, offset: 105
	ENABLED[0]: 1, len:1, offset: 104
	IFG: 0, len:5, offset: 99
	SPEED: 1, len:2, offset: 97
	TP_DELIN: 0, len:16, offset: 81
	TP_DELOUT: 0, len:16, offset: 65
	MAXAGE: ff, len:8, offset: 57
	VLANPRIO: 0, len:3, offset: 54
	VLANID: 0, len:12, offset: 42
	ING_MIRR: 0, len:1, offset: 41
	EGR_MIRR: 0, len:1, offset: 40
	DRPNONA664: 0, len:1, offset: 39
	DRPDTAG: 0, len:1, offset: 38
	DRPSOTAG: 0, len:1, offset: 37
	DRPSITAG: 0, len:1, offset: 36
	DRPUNTAG: 0, len:1, offset: 35
	RETAG: 0, len:1, offset: 34
	DYN_LEARN: 1, len:1, offset: 33
	EGRESS: 1, len:1, offset: 32
	INGRESS: 1, len:1, offset: 31
	MIRRCIE: 0, len:1, offset: 30
	MIRRCETAG: 0, len:1, offset: 29
	INGMIRRVID: 0, len:12, offset: 17
	INGMIRRPCP: 0, len:3, offset: 14
	INGMIRRDEI: 0, len:1, offset: 13
Table ID: 13 #entries: 1
======= entry #0 =======
ENTRY:
	DRPBC: 0, len:5, offset: 123
	DRPMC: 0, len:5, offset: 118
	DRPUNI: 0, len:5, offset: 113
	MAXADDRP[4]: 400, len:11, offset: 102
	MAXADDRP[3]: 400, len:11, offset: 91
	MAXADDRP[2]: 400, len:11, offset: 80
	MAXADDRP[1]: 400, len:11, offset: 69
	MAXADDRP[0]: 400, len:11, offset: 58
	MAXAGE: 0, len:15, offset: 43
	START_DYNSPC: 0, len:10, offset: 33
	DRPNOLEARN: 0, len:5, offset: 28
	SHARED_LEARN: 0, len:1, offset: 27
	NO_ENF_HOSTPRT: 0, len:1, offset: 26
	NO_MGMT_LEARN: 1, len:1, offset: 25
	USE_STATIC: 0, len:1, offset: 24
	OWR_DYN: 0, len:1, offset: 23
	LEARN_ONCE: 0, len:1, offset: 22
Table ID: 14 #entries: 1
======= entry #0 =======
ENTRY:
	MAX_DYNP: 0, len:3, offset: 93
	PART_SPC[7]: 64, len:10, offset: 83
	PART_SPC[6]: 64, len:10, offset: 73
	PART_SPC[5]: 64, len:10, offset: 63
	PART_SPC[4]: 64, len:10, offset: 53
	PART_SPC[3]: 64, len:10, offset: 43
	PART_SPC[2]: 64, len:10, offset: 33
	PART_SPC[1]: 64, len:10, offset: 23
	PART_SPC[0]: d2, len:10, offset: 13
Table ID: 16 #entries: 1
======= entry #0 =======
ENTRY:
	L2CBS: 0, len:1, offset: 127
	CAS_MASTER: 1, len:1, offset: 126
	DESTMETA: 26037decade, len:48, offset: 78
	SRCMETA: 26037c0ffee, len:48, offset: 30
Table ID: 17 #entries: 1
======= entry #0 =======
ENTRY:
	VLLUPFORMAT: 0, len:1, offset: 351
	MIRR_PTACU: 1, len:1, offset: 350
	SWITCHID: 0, len:3, offset: 347
	HOSTPRIO: 5, len:3, offset: 344
	MAC_FLTRES[1]: 180c2000003, len:48, offset: 296
	MAC_FLTRES[0]: 180c200000e, len:48, offset: 248
	MAC_FLT[1]: ffffff0000ff, len:48, offset: 200
	MAC_FLT[0]: ffffff0000ff, len:48, offset: 152
	INCL_SRCPT[1]: 1, len:1, offset: 151
	INCL_SRCPT[0]: 1, len:1, offset: 150
	SEND_META[1]: 0, len:1, offset: 149
	SEND_META[0]: 1, len:1, offset: 148
	CASC_PORT: 6, len:3, offset: 145
	HOST_PORT: 4, len:3, offset: 142
	MIRR_PORT: 6, len:3, offset: 139
	VIMARKER: ffffffff, len:32, offset: 107
	VIMASK: ffffffff, len:32, offset: 75
	TPID: 88a8, len:16, offset: 59
	IGNORE2STF: 0, len:1, offset: 58
	TPID2: 8100, len:16, offset: 42
	QUEUE_TS: 0, len:1, offset: 41
	EGRMIRRVID: 0, len:12, offset: 29
	EGRMIRRPCP: 0, len:3, offset: 26
	EGRMIRRDEI: 0, len:1, offset: 25
	REPLAY_PORT: 7, len:3, offset: 22
Table ID: 19 #entries: 4
======= entry #0 =======
ENTRY:
	CBS_PORT: 0, len:3, offset: 157
	CBS_PRIO: 7, len:3, offset: 154
	CREDIT_LO: 7fffffff, len:32, offset: 122
	CREDIT_HI: 7fffffff, len:32, offset: 90
	SEND_SLOPE: 772651c, len:32, offset: 58
	IDLE_SLOPE: f424, len:32, offset: 26
======= entry #1 =======
ENTRY:
	CBS_PORT: 0, len:3, offset: 157
	CBS_PRIO: 6, len:3, offset: 154
	CREDIT_LO: 7fffffff, len:32, offset: 122
	CREDIT_HI: 7fffffff, len:32, offset: 90
	SEND_SLOPE: 769cfd8, len:32, offset: 58
	IDLE_SLOPE: 98968, len:32, offset: 26
======= entry #2 =======
ENTRY:
	CBS_PORT: 0, len:3, offset: 157
	CBS_PRIO: 5, len:3, offset: 154
	CREDIT_LO: 7fffffff, len:32, offset: 122
	CREDIT_HI: 7fffffff, len:32, offset: 90
	SEND_SLOPE: 7604670, len:32, offset: 58
	IDLE_SLOPE: 1312d0, len:32, offset: 26
======= entry #3 =======
ENTRY:
	CBS_PORT: 0, len:3, offset: 157
	CBS_PRIO: 4, len:3, offset: 154
	CREDIT_LO: 7fffffff, len:32, offset: 122
	CREDIT_HI: 7fffffff, len:32, offset: 90
	SEND_SLOPE: 74d33a0, len:32, offset: 58
	IDLE_SLOPE: 2625a0, len:32, offset: 26
Table ID: 78 #entries: 1
======= entry #0 =======
ENTRY:
	PHY_MAC[4]: 1, len:1, offset: 31
	xMII_MODE[4]: 2, len:2, offset: 29
	PHY_MAC[3]: 0, len:1, offset: 28
	xMII_MODE[3]: 2, len:2, offset: 26
	PHY_MAC[2]: 0, len:1, offset: 25
	xMII_MODE[2]: 2, len:2, offset: 23
	PHY_MAC[1]: 0, len:1, offset: 22
	xMII_MODE[1]: 1, len:2, offset: 20
	PHY_MAC[0]: 1, len:1, offset: 19
	xMII_MODE[0]: 2, len:2, offset: 17
Table ID: 200 #entries: 1
======= entry #0 =======
ENTRY:
	DIGITAL_ERROR_CNT: 0, len:32, offset: 1120
	DIGITAL_CONTROL_2: 10, len:32, offset: 1088
	VR_MII_SNPS_CR_DATA: 0, len:32, offset: 1056
	VR_MII_SNPS_CR_ADDR: 0, len:32, offset: 1024
	VR_MII_SNPS_CR_CTRL: 0, len:32, offset: 992
	VR_MII_Gen1_MISC_CTRL: 100, len:32, offset: 960
	VR_MII_Gen1_LVL_CTRL: 23f, len:32, offset: 928
	VR_MII_Gen1_MPLL_CTRL2: a, len:32, offset: 896
	VR_MII_Gen1_MPLL_CTRL1: 1c22, len:32, offset: 864
	VR_MII_Gen1_MPLL_CTRL0: 1, len:32, offset: 832
	VR_MII_Gen1_RLOS_CTRL: 3, len:32, offset: 800
	VR_MII_Gen1_RDPLL_RST: 0, len:32, offset: 768
	VR_MII_Gen1_DPLL_MCTRL: 1, len:32, offset: 736
	VR_MII_Gen1_RXEQ_CTRL: 5, len:32, offset: 704
	VR_MII_Gen1_RXGCTRL: 101, len:32, offset: 672
	VR_MII_Gen1_TX_EDGRT_CTRL: 0, len:32, offset: 640
	VR_MII_Gen1_TX_GENCTRL: 1, len:32, offset: 608
	VR_MII_Gen1_TX_ATTN_CTRL: 0, len:32, offset: 576
	VR_MII_Gen1_TX_BSTCTRL: a, len:32, offset: 544
	VR_MII_GPIO: 0, len:32, offset: 512
	VR_MII_LINK_TIMER_CTRL: 0, len:32, offset: 480
	VR_MII_EEE_RXTIMER: 0, len:32, offset: 448
	VR_MII_EEE_TXTIMER: 0, len:32, offset: 416
	VR_MII_EEE_MCTRL: 899c, len:32, offset: 384
	DEBUG_CONTROL: 0, len:32, offset: 352
	TEST_CONTROL: 0, len:32, offset: 320
	AUTONEG_INTR_STATUS: a, len:32, offset: 288
	AUTONEG_CONTROL: 0, len:32, offset: 256
	DIGITAL_CONTROL_1: 2400, len:32, offset: 224
	AUTONEG_ADV: 20, len:32, offset: 192
	BASIC_CONTROL: 1140, len:32, offset: 160
	SR_VSMMD_CTRL: 4, len:32, offset: 128
	SR_VSMMD_PCS_ID2: 0, len:32, offset: 96
	SR_VSMMD_PCS_ID1: 0, len:32, offset: 64
	SR_VSMMD_DEV_ID2: 0, len:32, offset: 32
	SR_VSMMD_DEV_ID1: 0, len:32, offset: 0

